2024.01.11 13:30:42 INFO  Started: Metals version 1.2.0 in folders '/home4/ld754555/Documents/m2/S1/infoDecis/InfoDecisionnel/SparkETL' for client Visual Studio Code 1.67.2.
2024.01.11 13:30:44 WARN  Build server is not auto-connectable.
2024.01.11 13:30:44 WARN  no build target for: /home4/ld754555/Documents/m2/S1/infoDecis/InfoDecisionnel/SparkETL/src/main/scala/DataLoader.scala
2024.01.11 13:30:48 INFO  no build target found for /home4/ld754555/Documents/m2/S1/infoDecis/InfoDecisionnel/SparkETL/src/main/scala/DataLoader.scala. Using presentation compiler with project's scala-library version: 3.3.1
2024.01.11 13:30:50 INFO  time: code lens generation in 5.89s
2024.01.11 13:30:53 WARN  no build target for: /home4/ld754555/Documents/m2/S1/infoDecis/InfoDecisionnel/SparkETL/src/main/scala/DataLoader.scala
2024.01.11 13:31:41 WARN  no build target for: /home4/ld754555/Documents/m2/S1/infoDecis/InfoDecisionnel/SparkETL/src/main/scala/DataLoader.scala
2024.01.11 13:31:56 WARN  no build target for: /home4/ld754555/Documents/m2/S1/infoDecis/InfoDecisionnel/SparkETL/src/main/scala/Main.scala
janv. 11, 2024 1:31:56 PM org.eclipse.lsp4j.jsonrpc.RemoteEndpoint handleCancellation
AVERTISSEMENT: Unmatched cancel notification for request id 33
2024.01.11 13:33:14 WARN  no build target for: /home4/ld754555/Documents/m2/S1/infoDecis/InfoDecisionnel/SparkETL/src/main/scala/DataLoader.scala
janv. 11, 2024 1:33:14 PM org.eclipse.lsp4j.jsonrpc.RemoteEndpoint handleCancellation
AVERTISSEMENT: Unmatched cancel notification for request id 94
2024.01.11 13:33:17 WARN  no build target for: /home4/ld754555/Documents/m2/S1/infoDecis/InfoDecisionnel/SparkETL/src/main/scala/DataLoader.scala
2024.01.11 13:33:36 WARN  no build target for: /home4/ld754555/Documents/m2/S1/infoDecis/InfoDecisionnel/SparkETL/src/main/scala/DataLoader.scala
2024.01.11 16:57:08 INFO  Shutting down server
2024.01.11 16:57:08 INFO  shutting down Metals
2024.01.11 16:57:08 INFO  Exiting server
2024.01.12 13:31:06 INFO  Started: Metals version 1.2.0 in folders '/home8/ld754555/Documents/m2/S1/infoDecis/InfoDecisionnel/SparkETL' for client Visual Studio Code 1.67.2.
2024.01.12 13:31:07 WARN  Build server is not auto-connectable.
2024.01.12 13:31:07 WARN  no build target for: /home8/ld754555/Documents/m2/S1/infoDecis/InfoDecisionnel/SparkETL/src/main/scala/DataLoader.scala
2024.01.12 13:31:10 INFO  no build target found for /home8/ld754555/Documents/m2/S1/infoDecis/InfoDecisionnel/SparkETL/src/main/scala/DataLoader.scala. Using presentation compiler with project's scala-library version: 3.3.1
2024.01.12 13:31:13 INFO  time: code lens generation in 4.49s
2024.01.12 13:31:13 INFO  time: code lens generation in 5.43s
2024.01.12 13:31:24 WARN  no build target for: /home8/ld754555/Documents/m2/S1/infoDecis/InfoDecisionnel/SparkETL/src/main/scala/DataLoader.scala
2024.01.12 13:31:26 WARN  no build target for: /home8/ld754555/Documents/m2/S1/infoDecis/InfoDecisionnel/SparkETL/src/main/scala/DataLoader.scala
2024.01.12 13:31:31 WARN  no build target for: /home8/ld754555/Documents/m2/S1/infoDecis/InfoDecisionnel/SparkETL/src/main/scala/Main.scala
2024.01.12 16:49:32 INFO  Shutting down server
2024.01.12 16:49:32 INFO  shutting down Metals
2024.01.12 16:49:32 INFO  Exiting server
2024.01.18 10:55:12 INFO  Started: Metals version 1.2.0 in folders '/home8/ld754555/Documents/m2/S1/infoDecis/InfoDecisionnel/SparkETL' for client Visual Studio Code 1.67.2.
2024.01.18 10:55:13 WARN  Build server is not auto-connectable.
2024.01.18 10:55:13 WARN  no build target for: /home8/ld754555/Documents/m2/S1/infoDecis/InfoDecisionnel/SparkETL/src/main/scala/Main.scala
janv. 18, 2024 10:55:13 AM org.eclipse.lsp4j.jsonrpc.RemoteEndpoint handleCancellation
AVERTISSEMENT: Unmatched cancel notification for request id 1
2024.01.18 10:55:16 INFO  no build target found for /home8/ld754555/Documents/m2/S1/infoDecis/InfoDecisionnel/SparkETL/src/main/scala/Main.scala. Using presentation compiler with project's scala-library version: 3.3.1
2024.01.18 10:55:19 INFO  time: code lens generation in 4.71s
2024.01.18 10:55:19 INFO  time: code lens generation in 5.2s
2024.01.18 10:56:08 WARN  no build target for: /home8/ld754555/Documents/m2/S1/infoDecis/InfoDecisionnel/SparkETL/src/main/scala/DataLoader.scala
2024.01.18 10:56:09 WARN  no build target for: /home8/ld754555/Documents/m2/S1/infoDecis/InfoDecisionnel/SparkETL/src/main/scala/Main.scala
2024.01.18 10:56:21 WARN  no build target for: /home8/ld754555/Documents/m2/S1/infoDecis/InfoDecisionnel/SparkETL/src/main/scala/Main.scala
2024.01.18 10:56:44 WARN  no build target for: /home8/ld754555/Documents/m2/S1/infoDecis/InfoDecisionnel/SparkETL/src/main/scala/Main.scala
2024.01.18 10:58:08 ERROR Failed to tokenize input for semantic tokens for /home8/ld754555/Documents/m2/S1/infoDecis/InfoDecisionnel/SparkETL/src/main/scala/Main.scala
scala.meta.tokenizers.TokenizeException: <input>:21: error: unclosed character literal
		val csvOptions = Map("header" -> "true", "inferSchema" -> true')
                                                                ^
	at scala.meta.internal.tokenizers.Reporter.syntaxError(Reporter.scala:23)
	at scala.meta.internal.tokenizers.Reporter.syntaxError$(Reporter.scala:23)
	at scala.meta.internal.tokenizers.Reporter$$anon$1.syntaxError(Reporter.scala:33)
	at scala.meta.internal.tokenizers.Reporter.syntaxError(Reporter.scala:25)
	at scala.meta.internal.tokenizers.Reporter.syntaxError$(Reporter.scala:25)
	at scala.meta.internal.tokenizers.Reporter$$anon$1.syntaxError(Reporter.scala:33)
	at scala.meta.internal.tokenizers.LegacyScanner.fetchSingleQuote$1(LegacyScanner.scala:407)
	at scala.meta.internal.tokenizers.LegacyScanner.fetchToken(LegacyScanner.scala:412)
	at scala.meta.internal.tokenizers.LegacyScanner.nextToken(LegacyScanner.scala:211)
	at scala.meta.internal.tokenizers.LegacyScanner.foreach(LegacyScanner.scala:1011)
	at scala.meta.internal.tokenizers.ScalametaTokenizer.uncachedTokenize(ScalametaTokenizer.scala:24)
	at scala.meta.internal.tokenizers.ScalametaTokenizer.$anonfun$tokenize$1(ScalametaTokenizer.scala:17)
	at scala.collection.concurrent.TrieMap.getOrElseUpdate(TrieMap.scala:962)
	at scala.meta.internal.tokenizers.ScalametaTokenizer.tokenize(ScalametaTokenizer.scala:17)
	at scala.meta.internal.tokenizers.ScalametaTokenizer$$anon$2.apply(ScalametaTokenizer.scala:332)
	at scala.meta.tokenizers.Api$XtensionTokenizeDialectInput.tokenize(Api.scala:25)
	at scala.meta.tokenizers.Api$XtensionTokenizeInputLike.tokenize(Api.scala:14)
	at scala.meta.internal.metals.SemanticTokensProvider$.getTokens(SemanticTokensProvider.scala:28)
	at scala.meta.internal.metals.SemanticTokensProvider$.provide(SemanticTokensProvider.scala:89)
	at scala.meta.internal.metals.Compilers.$anonfun$semanticTokens$3(Compilers.scala:541)
	at scala.concurrent.impl.Promise$Transformation.run(Promise.scala:467)
	at java.util.concurrent.ThreadPoolExecutor.runWorker(ThreadPoolExecutor.java:1149)
	at java.util.concurrent.ThreadPoolExecutor$Worker.run(ThreadPoolExecutor.java:624)
	at java.lang.Thread.run(Thread.java:750)

2024.01.18 10:58:09 ERROR Failed to tokenize input for semantic tokens for /home8/ld754555/Documents/m2/S1/infoDecis/InfoDecisionnel/SparkETL/src/main/scala/Main.scala
scala.meta.tokenizers.TokenizeException: <input>:21: error: unclosed string literal
		val csvOptions = Map("header" -> "true", "inferSchema" -> "true')
                                                            ^
	at scala.meta.internal.tokenizers.Reporter.syntaxError(Reporter.scala:23)
	at scala.meta.internal.tokenizers.Reporter.syntaxError$(Reporter.scala:23)
	at scala.meta.internal.tokenizers.Reporter$$anon$1.syntaxError(Reporter.scala:33)
	at scala.meta.internal.tokenizers.Reporter.syntaxError(Reporter.scala:25)
	at scala.meta.internal.tokenizers.Reporter.syntaxError$(Reporter.scala:25)
	at scala.meta.internal.tokenizers.Reporter$$anon$1.syntaxError(Reporter.scala:33)
	at scala.meta.internal.tokenizers.LegacyScanner.getStringLit(LegacyScanner.scala:553)
	at scala.meta.internal.tokenizers.LegacyScanner.fetchDoubleQuote$1(LegacyScanner.scala:372)
	at scala.meta.internal.tokenizers.LegacyScanner.fetchToken(LegacyScanner.scala:376)
	at scala.meta.internal.tokenizers.LegacyScanner.nextToken(LegacyScanner.scala:211)
	at scala.meta.internal.tokenizers.LegacyScanner.foreach(LegacyScanner.scala:1011)
	at scala.meta.internal.tokenizers.ScalametaTokenizer.uncachedTokenize(ScalametaTokenizer.scala:24)
	at scala.meta.internal.tokenizers.ScalametaTokenizer.$anonfun$tokenize$1(ScalametaTokenizer.scala:17)
	at scala.collection.concurrent.TrieMap.getOrElseUpdate(TrieMap.scala:962)
	at scala.meta.internal.tokenizers.ScalametaTokenizer.tokenize(ScalametaTokenizer.scala:17)
	at scala.meta.internal.tokenizers.ScalametaTokenizer$$anon$2.apply(ScalametaTokenizer.scala:332)
	at scala.meta.tokenizers.Api$XtensionTokenizeDialectInput.tokenize(Api.scala:25)
	at scala.meta.tokenizers.Api$XtensionTokenizeInputLike.tokenize(Api.scala:14)
	at scala.meta.internal.metals.SemanticTokensProvider$.getTokens(SemanticTokensProvider.scala:28)
	at scala.meta.internal.metals.SemanticTokensProvider$.provide(SemanticTokensProvider.scala:89)
	at scala.meta.internal.metals.Compilers.$anonfun$semanticTokens$3(Compilers.scala:541)
	at scala.concurrent.impl.Promise$Transformation.run(Promise.scala:467)
	at java.util.concurrent.ThreadPoolExecutor.runWorker(ThreadPoolExecutor.java:1149)
	at java.util.concurrent.ThreadPoolExecutor$Worker.run(ThreadPoolExecutor.java:624)
	at java.lang.Thread.run(Thread.java:750)

2024.01.18 10:58:50 WARN  no build target for: /home8/ld754555/Documents/m2/S1/infoDecis/InfoDecisionnel/SparkETL/src/main/scala/Main.scala
2024.01.18 10:59:42 WARN  no build target for: /home8/ld754555/Documents/m2/S1/infoDecis/InfoDecisionnel/SparkETL/src/main/scala/Main.scala
2024.01.18 11:01:13 ERROR Failed to tokenize input for semantic tokens for /home8/ld754555/Documents/m2/S1/infoDecis/InfoDecisionnel/SparkETL/src/main/scala/Main.scala
scala.meta.tokenizers.TokenizeException: <input>:25: error: unclosed character literal
		val jsonLoad = dataLoader.loadJSONData('')
                                         ^
	at scala.meta.internal.tokenizers.Reporter.syntaxError(Reporter.scala:23)
	at scala.meta.internal.tokenizers.Reporter.syntaxError$(Reporter.scala:23)
	at scala.meta.internal.tokenizers.Reporter$$anon$1.syntaxError(Reporter.scala:33)
	at scala.meta.internal.tokenizers.Reporter.syntaxError(Reporter.scala:25)
	at scala.meta.internal.tokenizers.Reporter.syntaxError$(Reporter.scala:25)
	at scala.meta.internal.tokenizers.Reporter$$anon$1.syntaxError(Reporter.scala:33)
	at scala.meta.internal.tokenizers.LegacyScanner.fetchSingleQuote$1(LegacyScanner.scala:407)
	at scala.meta.internal.tokenizers.LegacyScanner.fetchToken(LegacyScanner.scala:412)
	at scala.meta.internal.tokenizers.LegacyScanner.nextToken(LegacyScanner.scala:211)
	at scala.meta.internal.tokenizers.LegacyScanner.foreach(LegacyScanner.scala:1011)
	at scala.meta.internal.tokenizers.ScalametaTokenizer.uncachedTokenize(ScalametaTokenizer.scala:24)
	at scala.meta.internal.tokenizers.ScalametaTokenizer.$anonfun$tokenize$1(ScalametaTokenizer.scala:17)
	at scala.collection.concurrent.TrieMap.getOrElseUpdate(TrieMap.scala:962)
	at scala.meta.internal.tokenizers.ScalametaTokenizer.tokenize(ScalametaTokenizer.scala:17)
	at scala.meta.internal.tokenizers.ScalametaTokenizer$$anon$2.apply(ScalametaTokenizer.scala:332)
	at scala.meta.tokenizers.Api$XtensionTokenizeDialectInput.tokenize(Api.scala:25)
	at scala.meta.tokenizers.Api$XtensionTokenizeInputLike.tokenize(Api.scala:14)
	at scala.meta.internal.metals.SemanticTokensProvider$.getTokens(SemanticTokensProvider.scala:28)
	at scala.meta.internal.metals.SemanticTokensProvider$.provide(SemanticTokensProvider.scala:89)
	at scala.meta.internal.metals.Compilers.$anonfun$semanticTokens$3(Compilers.scala:541)
	at scala.concurrent.impl.Promise$Transformation.run(Promise.scala:467)
	at java.util.concurrent.ThreadPoolExecutor.runWorker(ThreadPoolExecutor.java:1149)
	at java.util.concurrent.ThreadPoolExecutor$Worker.run(ThreadPoolExecutor.java:624)
	at java.lang.Thread.run(Thread.java:750)

2024.01.18 11:01:21 WARN  no build target for: /home8/ld754555/Documents/m2/S1/infoDecis/InfoDecisionnel/SparkETL/src/main/scala/Main.scala
janv. 18, 2024 11:01:34 AM org.eclipse.lsp4j.jsonrpc.RemoteEndpoint handleCancellation
AVERTISSEMENT: Unmatched cancel notification for request id 703
2024.01.18 11:01:55 WARN  no build target for: /home8/ld754555/Documents/m2/S1/infoDecis/InfoDecisionnel/SparkETL/src/main/scala/Main.scala
2024.01.18 11:02:24 WARN  no build target for: /home8/ld754555/Documents/m2/S1/infoDecis/InfoDecisionnel/SparkETL/src/main/scala/Main.scala
2024.01.18 11:03:55 ERROR Failed to tokenize input for semantic tokens for /home8/ld754555/Documents/m2/S1/infoDecis/InfoDecisionnel/SparkETL/src/main/scala/Main.scala
scala.meta.tokenizers.TokenizeException: <input>:21: error: can't use unescaped LF in character literals
		jsonLoad.size'
                ^
	at scala.meta.internal.tokenizers.Reporter.syntaxError(Reporter.scala:23)
	at scala.meta.internal.tokenizers.Reporter.syntaxError$(Reporter.scala:23)
	at scala.meta.internal.tokenizers.Reporter$$anon$1.syntaxError(Reporter.scala:33)
	at scala.meta.internal.tokenizers.Reporter.syntaxError(Reporter.scala:25)
	at scala.meta.internal.tokenizers.Reporter.syntaxError$(Reporter.scala:25)
	at scala.meta.internal.tokenizers.Reporter$$anon$1.syntaxError(Reporter.scala:33)
	at scala.meta.internal.tokenizers.LegacyScanner.fetchSingleQuote$1(LegacyScanner.scala:383)
	at scala.meta.internal.tokenizers.LegacyScanner.fetchToken(LegacyScanner.scala:412)
	at scala.meta.internal.tokenizers.LegacyScanner.nextToken(LegacyScanner.scala:211)
	at scala.meta.internal.tokenizers.LegacyScanner.foreach(LegacyScanner.scala:1011)
	at scala.meta.internal.tokenizers.ScalametaTokenizer.uncachedTokenize(ScalametaTokenizer.scala:24)
	at scala.meta.internal.tokenizers.ScalametaTokenizer.$anonfun$tokenize$1(ScalametaTokenizer.scala:17)
	at scala.collection.concurrent.TrieMap.getOrElseUpdate(TrieMap.scala:962)
	at scala.meta.internal.tokenizers.ScalametaTokenizer.tokenize(ScalametaTokenizer.scala:17)
	at scala.meta.internal.tokenizers.ScalametaTokenizer$$anon$2.apply(ScalametaTokenizer.scala:332)
	at scala.meta.tokenizers.Api$XtensionTokenizeDialectInput.tokenize(Api.scala:25)
	at scala.meta.tokenizers.Api$XtensionTokenizeInputLike.tokenize(Api.scala:14)
	at scala.meta.internal.metals.SemanticTokensProvider$.getTokens(SemanticTokensProvider.scala:28)
	at scala.meta.internal.metals.SemanticTokensProvider$.provide(SemanticTokensProvider.scala:89)
	at scala.meta.internal.metals.Compilers.$anonfun$semanticTokens$3(Compilers.scala:541)
	at scala.concurrent.impl.Promise$Transformation.run(Promise.scala:467)
	at java.util.concurrent.ThreadPoolExecutor.runWorker(ThreadPoolExecutor.java:1149)
	at java.util.concurrent.ThreadPoolExecutor$Worker.run(ThreadPoolExecutor.java:624)
	at java.lang.Thread.run(Thread.java:750)

2024.01.18 11:04:01 WARN  no build target for: /home8/ld754555/Documents/m2/S1/infoDecis/InfoDecisionnel/SparkETL/src/main/scala/Main.scala
2024.01.18 11:04:58 WARN  no build target for: /home8/ld754555/Documents/m2/S1/infoDecis/InfoDecisionnel/SparkETL/src/main/scala/Main.scala
2024.01.18 11:07:29 WARN  no build target for: /home8/ld754555/Documents/m2/S1/infoDecis/InfoDecisionnel/SparkETL/src/main/scala/Main.scala
2024.01.18 14:49:59 INFO  Shutting down server
2024.01.18 14:49:59 INFO  shutting down Metals
2024.01.18 14:49:59 INFO  Exiting server
2024.01.18 14:49:59 ERROR Unexpected error initializing server: 
org.eclipse.lsp4j.jsonrpc.ResponseErrorException: Request window/showMessageRequest failed with message: Canceled
	at org.eclipse.lsp4j.jsonrpc.RemoteEndpoint.handleResponse(RemoteEndpoint.java:209)
	at org.eclipse.lsp4j.jsonrpc.RemoteEndpoint.consume(RemoteEndpoint.java:193)
	at org.eclipse.lsp4j.jsonrpc.json.StreamMessageProducer.handleMessage(StreamMessageProducer.java:194)
	at org.eclipse.lsp4j.jsonrpc.json.StreamMessageProducer.listen(StreamMessageProducer.java:94)
	at org.eclipse.lsp4j.jsonrpc.json.ConcurrentMessageProcessor.run(ConcurrentMessageProcessor.java:113)
	at java.util.concurrent.Executors$RunnableAdapter.call(Executors.java:511)
	at java.util.concurrent.FutureTask.run(FutureTask.java:266)
	at java.util.concurrent.ThreadPoolExecutor.runWorker(ThreadPoolExecutor.java:1149)
	at java.util.concurrent.ThreadPoolExecutor$Worker.run(ThreadPoolExecutor.java:624)
	at java.lang.Thread.run(Thread.java:750)

